16:56:16.110 [http-bio-8080-exec-11] ERROR c.s.s.EmailService - MessagingException
javax.mail.MessagingException: Can't send command to SMTP host
	at com.sun.mail.smtp.SMTPTransport.sendCommand(SMTPTransport.java:1420) ~[mail-1.4.jar:1.4]
	at com.sun.mail.smtp.SMTPTransport.sendCommand(SMTPTransport.java:1408) ~[mail-1.4.jar:1.4]
	at com.sun.mail.smtp.SMTPTransport.ehlo(SMTPTransport.java:847) ~[mail-1.4.jar:1.4]
	at com.sun.mail.smtp.SMTPTransport.protocolConnect(SMTPTransport.java:384) ~[mail-1.4.jar:1.4]
	at javax.mail.Service.connect(Service.java:275) ~[mail-1.4.jar:1.4]
	at javax.mail.Service.connect(Service.java:156) ~[mail-1.4.jar:1.4]
	at com.securitymanager.service.EmailService.sendMail(EmailService.java:64) ~[classes/:na]
	at com.snap.controller.User.doPost(User.java:92) [classes/:na]
	at javax.servlet.http.HttpServlet.service(HttpServlet.java:650) [servlet-api.jar:na]
	at javax.servlet.http.HttpServlet.service(HttpServlet.java:731) [servlet-api.jar:na]
	at org.apache.catalina.core.ApplicationFilterChain.internalDoFilter(ApplicationFilterChain.java:303) [catalina.jar:7.0.65]
	at org.apache.catalina.core.ApplicationFilterChain.doFilter(ApplicationFilterChain.java:208) [catalina.jar:7.0.65]
	at org.apache.tomcat.websocket.server.WsFilter.doFilter(WsFilter.java:52) [tomcat7-websocket.jar:7.0.65]
	at org.apache.catalina.core.ApplicationFilterChain.internalDoFilter(ApplicationFilterChain.java:241) [catalina.jar:7.0.65]
	at org.apache.catalina.core.ApplicationFilterChain.doFilter(ApplicationFilterChain.java:208) [catalina.jar:7.0.65]
	at org.apache.catalina.core.StandardWrapperValve.invoke(StandardWrapperValve.java:220) [catalina.jar:7.0.65]
	at org.apache.catalina.core.StandardContextValve.invoke(StandardContextValve.java:122) [catalina.jar:7.0.65]
	at org.apache.catalina.authenticator.AuthenticatorBase.invoke(AuthenticatorBase.java:505) [catalina.jar:7.0.65]
	at org.apache.catalina.core.StandardHostValve.invoke(StandardHostValve.java:170) [catalina.jar:7.0.65]
	at org.apache.catalina.valves.ErrorReportValve.invoke(ErrorReportValve.java:103) [catalina.jar:7.0.65]
	at org.apache.catalina.valves.AccessLogValve.invoke(AccessLogValve.java:956) [catalina.jar:7.0.65]
	at org.apache.catalina.core.StandardEngineValve.invoke(StandardEngineValve.java:116) [catalina.jar:7.0.65]
	at org.apache.catalina.connector.CoyoteAdapter.service(CoyoteAdapter.java:423) [catalina.jar:7.0.65]
	at org.apache.coyote.http11.AbstractHttp11Processor.process(AbstractHttp11Processor.java:1079) [tomcat-coyote.jar:7.0.65]
	at org.apache.coyote.AbstractProtocol$AbstractConnectionHandler.process(AbstractProtocol.java:625) [tomcat-coyote.jar:7.0.65]
	at org.apache.tomcat.util.net.JIoEndpoint$SocketProcessor.run(JIoEndpoint.java:318) [tomcat-coyote.jar:7.0.65]
	at java.util.concurrent.ThreadPoolExecutor.runWorker(ThreadPoolExecutor.java:1142) [na:1.8.0_66]
	at java.util.concurrent.ThreadPoolExecutor$Worker.run(ThreadPoolExecutor.java:617) [na:1.8.0_66]
	at org.apache.tomcat.util.threads.TaskThread$WrappingRunnable.run(TaskThread.java:61) [tomcat-coyote.jar:7.0.65]
	at java.lang.Thread.run(Thread.java:745) [na:1.8.0_66]
Caused by: javax.net.ssl.SSLHandshakeException: sun.security.validator.ValidatorException: PKIX path building failed: sun.security.provider.certpath.SunCertPathBuilderException: unable to find valid certification path to requested target
	at sun.security.ssl.Alerts.getSSLException(Alerts.java:192) ~[na:1.8.0_66]
	at sun.security.ssl.SSLSocketImpl.fatal(SSLSocketImpl.java:1949) ~[na:1.8.0_66]
	at sun.security.ssl.Handshaker.fatalSE(Handshaker.java:302) ~[na:1.8.0_66]
	at sun.security.ssl.Handshaker.fatalSE(Handshaker.java:296) ~[na:1.8.0_66]
	at sun.security.ssl.ClientHandshaker.serverCertificate(ClientHandshaker.java:1509) ~[na:1.8.0_66]
	at sun.security.ssl.ClientHandshaker.processMessage(ClientHandshaker.java:216) ~[na:1.8.0_66]
	at sun.security.ssl.Handshaker.processLoop(Handshaker.java:979) ~[na:1.8.0_66]
	at sun.security.ssl.Handshaker.process_record(Handshaker.java:914) ~[na:1.8.0_66]
	at sun.security.ssl.SSLSocketImpl.readRecord(SSLSocketImpl.java:1062) ~[na:1.8.0_66]
	at sun.security.ssl.SSLSocketImpl.performInitialHandshake(SSLSocketImpl.java:1375) ~[na:1.8.0_66]
	at sun.security.ssl.SSLSocketImpl.writeRecord(SSLSocketImpl.java:747) ~[na:1.8.0_66]
	at sun.security.ssl.AppOutputStream.write(AppOutputStream.java:123) ~[na:1.8.0_66]
	at com.sun.mail.util.TraceOutputStream.write(TraceOutputStream.java:101) ~[mail-1.4.jar:1.4]
	at java.io.BufferedOutputStream.flushBuffer(BufferedOutputStream.java:82) ~[na:1.8.0_66]
	at java.io.BufferedOutputStream.flush(BufferedOutputStream.java:140) ~[na:1.8.0_66]
	at com.sun.mail.smtp.SMTPTransport.sendCommand(SMTPTransport.java:1418) ~[mail-1.4.jar:1.4]
	... 29 common frames omitted
Caused by: sun.security.validator.ValidatorException: PKIX path building failed: sun.security.provider.certpath.SunCertPathBuilderException: unable to find valid certification path to requested target
	at sun.security.validator.PKIXValidator.doBuild(PKIXValidator.java:387) ~[na:1.8.0_66]
	at sun.security.validator.PKIXValidator.engineValidate(PKIXValidator.java:292) ~[na:1.8.0_66]
	at sun.security.validator.Validator.validate(Validator.java:260) ~[na:1.8.0_66]
	at sun.security.ssl.X509TrustManagerImpl.validate(X509TrustManagerImpl.java:324) ~[na:1.8.0_66]
	at sun.security.ssl.X509TrustManagerImpl.checkTrusted(X509TrustManagerImpl.java:229) ~[na:1.8.0_66]
	at sun.security.ssl.X509TrustManagerImpl.checkServerTrusted(X509TrustManagerImpl.java:124) ~[na:1.8.0_66]
	at sun.security.ssl.ClientHandshaker.serverCertificate(ClientHandshaker.java:1491) ~[na:1.8.0_66]
	... 40 common frames omitted
Caused by: sun.security.provider.certpath.SunCertPathBuilderException: unable to find valid certification path to requested target
	at sun.security.provider.certpath.SunCertPathBuilder.build(SunCertPathBuilder.java:146) ~[na:1.8.0_66]
	at sun.security.provider.certpath.SunCertPathBuilder.engineBuild(SunCertPathBuilder.java:131) ~[na:1.8.0_66]
	at java.security.cert.CertPathBuilder.build(CertPathBuilder.java:280) ~[na:1.8.0_66]
	at sun.security.validator.PKIXValidator.doBuild(PKIXValidator.java:382) ~[na:1.8.0_66]
	... 46 common frames omitted
